<?xml version="1.0" encoding="UTF-8"?>
<!-- Generated by org.testng.reporters.JUnitXMLReporter -->
<testsuite hostname="LAPTOP-A79HKB36" ignored="0" name="Happy Path testing" tests="4" failures="0" timestamp="15 May 2019 06:37:09 GMT" time="47.719" errors="0">
  <testcase name="newMember" time="4.109" classname="riotlySocialTests.happyPath"/>
  <testcase name="micAndCamCheck" time="6.973" classname="riotlySocialTests.happyPath"/>
  <testcase name="Onboarding" time="36.234" classname="riotlySocialTests.happyPath"/>
  <testcase name="checkingcornerIcons" time="0.001" classname="riotlySocialTests.happyPath"/>
</testsuite> <!-- Happy Path testing -->
