<?xml version="1.0" encoding="UTF-8"?>
<!-- Generated by org.testng.reporters.JUnitXMLReporter -->
<testsuite hostname="LAPTOP-5CL0AGDB" ignored="0" name="Create new Account and Company" tests="4" failures="0" timestamp="02 Mar 2022 07:06:14 GMT" time="153.729" errors="0">
  <testcase name="TC_NewAccount_1" time="10.045" classname="smokeTesting.NewAccount"/>
  <testcase name="TC_NewAccount_2" time="142.628" classname="smokeTesting.NewAccount"/>
  <testcase name="TC_New_Guest_3" time="1.017" classname="smokeTesting.NewAccount"/>
  <testcase name="TC_Existing_Guest_1" time="0.012" classname="smokeTesting.NewAccount"/>
</testsuite> <!-- Create new Account and Company -->
