<?xml version="1.0" encoding="UTF-8"?>
<!-- Generated by org.testng.reporters.JUnitXMLReporter -->
<testsuite hostname="LAPTOP-5CL0AGDB" ignored="0" name="Create Event Smoke Testing" tests="5" failures="0" timestamp="02 Mar 2021 11:02:45 GMT" time="9.563" errors="0">
  <testcase name="TC_Host_1" time="6.057" classname="smokeTesting.createEvent"/>
  <testcase name="TC_Host_2" time="0.055" classname="smokeTesting.createEvent"/>
  <testcase name="TC_Host_3" time="3.326" classname="smokeTesting.createEvent"/>
  <testcase name="TC_Host_4" time="0.052" classname="smokeTesting.createEvent"/>
  <testcase name="TC_Host_5" time="0.051" classname="smokeTesting.createEvent"/>
</testsuite> <!-- Create Event Smoke Testing -->
