<?xml version="1.0" encoding="UTF-8"?>
<!-- Generated by org.testng.reporters.JUnitXMLReporter -->
<testsuite hostname="LAPTOP-5CL0AGDB" ignored="0" name="Join Event as New Guest" tests="3" failures="0" timestamp="23 Feb 2022 11:00:55 GMT" time="28.466" errors="0">
  <testcase name="TC_New_Guest_1" time="18.674" classname="smokeTesting.existingGuestJoin"/>
  <testcase name="TC_New_Guest_3" time="9.585" classname="smokeTesting.existingGuestJoin"/>
  <testcase name="TC_Existing_Guest_1" time="0.155" classname="smokeTesting.existingGuestJoin"/>
</testsuite> <!-- Join Event as New Guest -->
