<?xml version="1.0" encoding="UTF-8"?>
<!-- Generated by org.testng.reporters.JUnitXMLReporter -->
<testsuite ignored="0" hostname="LAPTOP-5CL0AGDB" failures="0" tests="3" name="Join Event as Existing Guest While converstation is happening" time="40.406" errors="0" timestamp="23 May 2022 04:42:28 GMT">
  <testcase classname="smokeTesting.ExistingGuestJoin" name="TC_Existing_Guest_1" time="38.317"/>
  <testcase classname="smokeTesting.ExistingGuestJoin" name="TC_Existing_Guest_2" time="2.052"/>
  <testcase classname="smokeTesting.ExistingGuestJoin" name="TC_Existing_Guest_3" time="0.011"/>
</testsuite> <!-- Join Event as Existing Guest While converstation is happening -->
