<?xml version="1.0" encoding="UTF-8"?>
<!-- Generated by org.testng.reporters.JUnitXMLReporter -->
<testsuite hostname="LAPTOP-5CL0AGDB" ignored="0" name="Join Event as New Guest while the coverstation is happening" tests="4" failures="1" timestamp="24 Feb 2022 13:39:02 GMT" time="210.38" errors="0">
  <testcase name="TC_New_Guest_1" time="13.86" classname="smokeTesting.NewGuestJoin"/>
  <testcase name="TC_New_Guest_2" time="184.061" classname="smokeTesting.NewGuestJoin">
    <failure type="java.lang.IllegalArgumentException" message="Must provide a location for a move action.">
      <![CDATA[java.lang.IllegalArgumentException: Must provide a location for a move action.
	at org.openqa.selenium.interactions.MoveMouseAction.<init>(MoveMouseAction.java:38)
	at org.openqa.selenium.interactions.Actions.moveToElement(Actions.java:388)
	at accelerators.Actiondrivers.click(Actiondrivers.java:71)
	at remoFunctions.onboarding.continueSteps(onboarding.java:19)
	at smokeTesting.NewGuestJoin.TC_New_Guest_2(NewGuestJoin.java:27)
... Removed 25 stack frames]]>
    </failure>
  </testcase> <!-- TC_New_Guest_2 -->
  <testcase name="TC_New_Guest_3" time="12.382" classname="smokeTesting.NewGuestJoin"/>
  <testcase name="TC_Existing_Guest_1" time="0.021" classname="smokeTesting.NewGuestJoin"/>
</testsuite> <!-- Join Event as New Guest while the coverstation is happening -->
